<?xml version="1.0" encoding="UTF-8"?>
<testng-results skipped="0" failed="0" ignored="0" total="1" passed="1">
  <reporter-output>
  </reporter-output>
  <suite name="Default suite" duration-ms="100" started-at="2021-11-11T12:59:27 IST" finished-at="2021-11-11T12:59:27 IST">
    <groups>
    </groups>
    <test name="Default test" duration-ms="100" started-at="2021-11-11T12:59:27 IST" finished-at="2021-11-11T12:59:27 IST">
      <class name="git_practise1.Demo">
        <test-method status="PASS" signature="createTest()[pri:0, instance:git_practise1.Demo@6c49835d]" name="createTest" duration-ms="17" started-at="2021-11-11T12:59:27 IST" finished-at="2021-11-11T12:59:27 IST">
          <reporter-output>
          </reporter-output>
        </test-method> <!-- createTest -->
      </class> <!-- git_practise1.Demo -->
    </test> <!-- Default test -->
  </suite> <!-- Default suite -->
</testng-results>
