<?xml version="1.0" encoding="UTF-8"?>
<testng-results ignored="0" total="1" passed="1" failed="0" skipped="0">
  <reporter-output>
  </reporter-output>
  <suite started-at="2021-11-11T14:42:58 IST" name="Default suite" finished-at="2021-11-11T14:42:58 IST" duration-ms="64">
    <groups>
    </groups>
    <test started-at="2021-11-11T14:42:58 IST" name="Default test" finished-at="2021-11-11T14:42:58 IST" duration-ms="64">
      <class name="git_practise1.Demo2">
        <test-method signature="createTest2()[pri:0, instance:git_practise1.Demo2@79efed2d]" started-at="2021-11-11T14:42:58 IST" name="createTest2" finished-at="2021-11-11T14:42:58 IST" duration-ms="9" status="PASS">
          <reporter-output>
          </reporter-output>
        </test-method> <!-- createTest2 -->
      </class> <!-- git_practise1.Demo2 -->
    </test> <!-- Default test -->
  </suite> <!-- Default suite -->
</testng-results>
